hosts/android/moai-core/build/outputs/logs/manifest-merger-debug-report.txt
-- Merging decision tree log ---
manifest
ADDED from android\moai-core\AndroidManifest.xml:1:1-4:12
INJECTED from android\moai-core\AndroidManifest.xml:1:1-4:12
INJECTED from android\moai-core\AndroidManifest.xml:1:1-4:12
INJECTED from android\moai-core\AndroidManifest.xml:1:1-4:12
INJECTED from android\moai-core\AndroidManifest.xml:1:1-4:12
INJECTED from android\moai-core\AndroidManifest.xml:1:1-4:12
INJECTED from android\moai-core\AndroidManifest.xml:1:1-4:12
	package
		ADDED from android\moai-core\AndroidManifest.xml:1:70-96
		INJECTED from android\moai-core\AndroidManifest.xml
		INJECTED from android\moai-core\AndroidManifest.xml
	android:versionName
		INJECTED from android\moai-core\AndroidManifest.xml
		ADDED from android\moai-core\AndroidManifest.xml:1:1-4:12
		INJECTED from android\moai-core\AndroidManifest.xml
	android:versionCode
		INJECTED from android\moai-core\AndroidManifest.xml
		ADDED from android\moai-core\AndroidManifest.xml:1:1-4:12
		INJECTED from android\moai-core\AndroidManifest.xml
	xmlns:android
		ADDED from android\moai-core\AndroidManifest.xml:1:11-69
uses-permission#android.permission.ACCESS_NETWORK_STATE
ADDED from android\moai-core\AndroidManifest.xml:2:2-76
	android:name
		ADDED from android\moai-core\AndroidManifest.xml:2:19-73
uses-permission#android.permission.INTERNET
ADDED from android\moai-core\AndroidManifest.xml:3:3-65
	android:name
		ADDED from android\moai-core\AndroidManifest.xml:3:20-62
uses-sdk
INJECTED from android\moai-core\AndroidManifest.xml reason: use-sdk injection requested
INJECTED from android\moai-core\AndroidManifest.xml
INJECTED from android\moai-core\AndroidManifest.xml
INJECTED from android\moai-core\AndroidManifest.xml
INJECTED from android\moai-core\AndroidManifest.xml
	android:targetSdkVersion
		INJECTED from android\moai-core\AndroidManifest.xml
		ADDED from android\moai-core\AndroidManifest.xml
		INJECTED from android\moai-core\AndroidManifest.xml
	android:minSdkVersion
		INJECTED from android\moai-core\AndroidManifest.xml
		ADDED from android\moai-core\AndroidManifest.xml
		INJECTED from android\moai-core\AndroidManifest.xml